<?xml version="1.0" encoding="UTF-8"?>
<testng-results skipped="0" failed="1" ignored="0" total="1" passed="0">
  <reporter-output>
    <line>
      <![CDATA[<a href='C:\Users\288568\Desktop\CBSL_Framework\MobileTestingFramework\ScreenShot\validateAllMainModule 2022-04-22 100044.png'> <img src='C:\Users\288568\Desktop\CBSL_Framework\MobileTestingFramework\ScreenShot\validateAllMainModule 2022-04-22 100044.png' height='100' width='100'/> </a>]]>
    </line>
  </reporter-output>
  <suite name="Suite" duration-ms="73024" started-at="2022-04-22T09:59:32 IST" finished-at="2022-04-22T10:00:45 IST">
    <groups>
    </groups>
    <test name="Test" duration-ms="73024" started-at="2022-04-22T09:59:32 IST" finished-at="2022-04-22T10:00:45 IST">
      <class name="com.ApiDemo.ValidateAPIDemoHomePage">
        <test-method status="PASS" signature="setReport()[pri:0, instance:com.ApiDemo.ValidateAPIDemoHomePage@1d371b2d]" name="setReport" is-config="true" duration-ms="93" started-at="2022-04-22T09:59:32 IST" finished-at="2022-04-22T09:59:32 IST">
          <reporter-output>
          </reporter-output>
        </test-method> <!-- setReport -->
        <test-method status="PASS" signature="setUp(java.lang.reflect.Method)[pri:0, instance:com.ApiDemo.ValidateAPIDemoHomePage@1d371b2d]" name="setUp" is-config="true" duration-ms="18945" started-at="2022-04-22T09:59:32 IST" finished-at="2022-04-22T09:59:51 IST">
          <params>
            <param index="0">
              <value>
                <![CDATA[public void com.ApiDemo.ValidateAPIDemoHomePage.validateAllMainModule()]]>
              </value>
            </param>
          </params>
          <reporter-output>
          </reporter-output>
        </test-method> <!-- setUp -->
        <test-method status="FAIL" signature="validateAllMainModule()[pri:0, instance:com.ApiDemo.ValidateAPIDemoHomePage@1d371b2d]" name="validateAllMainModule" duration-ms="48226" started-at="2022-04-22T09:59:51 IST" finished-at="2022-04-22T10:00:39 IST">
          <exception class="java.lang.AssertionError">
            <message>
              <![CDATA[expected [true] but found [false]]]>
            </message>
            <full-stacktrace>
              <![CDATA[java.lang.AssertionError: expected [true] but found [false]
at org.testng.Assert.fail(Assert.java:99)
at org.testng.Assert.failNotEquals(Assert.java:1037)
at org.testng.Assert.assertEqualsImpl(Assert.java:140)
at org.testng.Assert.assertEquals(Assert.java:122)
at org.testng.Assert.assertEquals(Assert.java:819)
at org.testng.Assert.assertEquals(Assert.java:829)
at com.ApiDemo.ValidateAPIDemoHomePage.validateAllMainModule(ValidateAPIDemoHomePage.java:18)
at sun.reflect.NativeMethodAccessorImpl.invoke0(Native Method)
at sun.reflect.NativeMethodAccessorImpl.invoke(NativeMethodAccessorImpl.java:62)
at sun.reflect.DelegatingMethodAccessorImpl.invoke(DelegatingMethodAccessorImpl.java:43)
at java.lang.reflect.Method.invoke(Method.java:498)
at org.testng.internal.MethodInvocationHelper.invokeMethod(MethodInvocationHelper.java:133)
at org.testng.internal.TestInvoker.invokeMethod(TestInvoker.java:598)
at org.testng.internal.TestInvoker.invokeTestMethod(TestInvoker.java:173)
at org.testng.internal.MethodRunner.runInSequence(MethodRunner.java:46)
at org.testng.internal.TestInvoker$MethodInvocationAgent.invoke(TestInvoker.java:824)
at org.testng.internal.TestInvoker.invokeTestMethods(TestInvoker.java:146)
at org.testng.internal.TestMethodWorker.invokeTestMethods(TestMethodWorker.java:146)
at org.testng.internal.TestMethodWorker.run(TestMethodWorker.java:128)
at java.util.ArrayList.forEach(ArrayList.java:1259)
at org.testng.TestRunner.privateRun(TestRunner.java:794)
at org.testng.TestRunner.run(TestRunner.java:596)
at org.testng.SuiteRunner.runTest(SuiteRunner.java:377)
at org.testng.SuiteRunner.runSequentially(SuiteRunner.java:371)
at org.testng.SuiteRunner.privateRun(SuiteRunner.java:332)
at org.testng.SuiteRunner.run(SuiteRunner.java:276)
at org.testng.SuiteRunnerWorker.runSuite(SuiteRunnerWorker.java:53)
at org.testng.SuiteRunnerWorker.run(SuiteRunnerWorker.java:96)
at org.testng.TestNG.runSuitesSequentially(TestNG.java:1212)
at org.testng.TestNG.runSuitesLocally(TestNG.java:1134)
at org.testng.TestNG.runSuites(TestNG.java:1063)
at org.testng.TestNG.run(TestNG.java:1031)
at org.apache.maven.surefire.testng.TestNGExecutor.run(TestNGExecutor.java:284)
at org.apache.maven.surefire.testng.TestNGXmlTestSuite.execute(TestNGXmlTestSuite.java:75)
at org.apache.maven.surefire.testng.TestNGProvider.invoke(TestNGProvider.java:119)
at org.apache.maven.surefire.booter.ForkedBooter.runSuitesInProcess(ForkedBooter.java:428)
at org.apache.maven.surefire.booter.ForkedBooter.execute(ForkedBooter.java:162)
at org.apache.maven.surefire.booter.ForkedBooter.run(ForkedBooter.java:562)
at org.apache.maven.surefire.booter.ForkedBooter.main(ForkedBooter.java:548)
]]>
            </full-stacktrace>
          </exception> <!-- java.lang.AssertionError -->
          <reporter-output>
          </reporter-output>
        </test-method> <!-- validateAllMainModule -->
        <test-method status="PASS" signature="closeAndroid(org.testng.ITestResult)[pri:0, instance:com.ApiDemo.ValidateAPIDemoHomePage@1d371b2d]" name="closeAndroid" is-config="true" duration-ms="5771" started-at="2022-04-22T10:00:39 IST" finished-at="2022-04-22T10:00:45 IST">
          <params>
            <param index="0">
              <value>
                <![CDATA[[TestResult name=validateAllMainModule status=FAILURE method=ValidateAPIDemoHomePage.validateAllMainModule()[pri:0, instance:com.ApiDemo.ValidateAPIDemoHomePage@1d371b2d] output={null}]]]>
              </value>
            </param>
          </params>
          <reporter-output>
            <line>
              <![CDATA[<a href='C:\Users\288568\Desktop\CBSL_Framework\MobileTestingFramework\ScreenShot\validateAllMainModule 2022-04-22 100044.png'> <img src='C:\Users\288568\Desktop\CBSL_Framework\MobileTestingFramework\ScreenShot\validateAllMainModule 2022-04-22 100044.png' height='100' width='100'/> </a>]]>
            </line>
          </reporter-output>
        </test-method> <!-- closeAndroid -->
        <test-method status="PASS" signature="closeServer()[pri:0, instance:com.ApiDemo.ValidateAPIDemoHomePage@1d371b2d]" name="closeServer" is-config="true" duration-ms="52" started-at="2022-04-22T10:00:45 IST" finished-at="2022-04-22T10:00:45 IST">
          <reporter-output>
          </reporter-output>
        </test-method> <!-- closeServer -->
        <test-method status="PASS" signature="closeExtentReport()[pri:0, instance:com.ApiDemo.ValidateAPIDemoHomePage@1d371b2d]" name="closeExtentReport" is-config="true" duration-ms="348" started-at="2022-04-22T10:00:45 IST" finished-at="2022-04-22T10:00:45 IST">
          <reporter-output>
          </reporter-output>
        </test-method> <!-- closeExtentReport -->
      </class> <!-- com.ApiDemo.ValidateAPIDemoHomePage -->
    </test> <!-- Test -->
  </suite> <!-- Suite -->
</testng-results>
